<?xml version="1.0" encoding="UTF-8"?>
<testsuite xmlns:xsi="http://www.w3.org/2001/XMLSchema-instance" xsi:noNamespaceSchemaLocation="https://maven.apache.org/surefire/maven-surefire-plugin/xsd/surefire-test-report.xsd" version="3.0.2" name="com.marketplace.OrderServiceTest" time="0.145" tests="5" errors="0" skipped="0" failures="0">
  <properties>
[...]
</properties>
  <testcase name="bothConfirm_finalizesOrderAndNegotiation" classname="com.marketplace.OrderServiceTest" time="0.013">
    <system-out><![CDATA[2026-09-01T23:09:59.049+10:00  INFO 80098 --- [           main] t.c.s.AnnotationConfigContextLoaderUtils : Could not detect default configuration classes for test class [com.marketplace.OrderServiceTest]: OrderServiceTest does not declare any static, non-private, non-final, nested classes annotated with @Configuration.
2026-09-01T23:09:59.052+10:00  INFO 80098 --- [           main] .b.t.c.SpringBootTestContextBootstrapper : Found @SpringBootConfiguration com.marketplace.Application for test class com.marketplace.OrderServiceTest

  .   ____          _            __ _ _
 /\\ / ___'_ __ _ _(_)_ __  __ _ \ \ \ \
( ( )\___ | '_ | '_| | '_ \/ _` | \ \ \ \
 \\/  ___)| |_)| | | | | || (_| |  ) ) ) )
  '  |____| .__|_| |_|_| |_\__, | / / / /
 =========|_|==============|___/=/_/_/_/

 :: Spring Boot ::                (v3.5.4)

2026-09-01T23:09:59.060+10:00  INFO 80098 --- [           main] com.marketplace.OrderServiceTest         : Starting OrderServiceTest using Java 24 with PID 80098 (started by huydinh in /Users/huydinh/Desktop/Projects/mcp_website/backend)
2026-09-01T23:09:59.061+10:00  INFO 80098 --- [           main] com.marketplace.OrderServiceTest         : No active profile set, falling back to 1 default profile: "default"
2026-09-01T23:09:59.089+10:00  INFO 80098 --- [           main] .s.d.r.c.RepositoryConfigurationDelegate : Bootstrapping Spring Data JPA repositories in DEFAULT mode.
2026-09-01T23:09:59.094+10:00  INFO 80098 --- [           main] .s.d.r.c.RepositoryConfigurationDelegate : Finished Spring Data repository scanning in 4 ms. Found 12 JPA repository interfaces.
2026-09-01T23:09:59.100+10:00  INFO 80098 --- [           main] beddedDataSourceBeanFactoryPostProcessor : Replacing 'dataSource' DataSource bean with embedded version
2026-09-01T23:09:59.108+10:00  INFO 80098 --- [           main] o.s.j.d.e.EmbeddedDatabaseFactory        : Starting embedded database: url='jdbc:h2:mem:ca6e8a5a-e846-4e48-90c1-9192b94aa637;DB_CLOSE_DELAY=-1;DB_CLOSE_ON_EXIT=false', username='sa'
2026-09-01T23:09:59.114+10:00  INFO 80098 --- [           main] o.hibernate.jpa.internal.util.LogHelper  : HHH000204: Processing PersistenceUnitInfo [name: default]
2026-09-01T23:09:59.114+10:00  INFO 80098 --- [           main] o.h.c.internal.RegionFactoryInitiator    : HHH000026: Second-level cache disabled
2026-09-01T23:09:59.116+10:00  INFO 80098 --- [           main] o.s.o.j.p.SpringPersistenceUnitInfo      : No LoadTimeWeaver setup: ignoring JPA class transformer
2026-09-01T23:09:59.117+10:00  WARN 80098 --- [           main] org.hibernate.orm.deprecation            : HHH90000025: H2Dialect does not need to be specified explicitly using 'hibernate.dialect' (remove the property setting and it will be selected by default)
2026-09-01T23:09:59.117+10:00  INFO 80098 --- [           main] org.hibernate.orm.connections.pooling    : HHH10001005: Database info:
	Database JDBC URL [Connecting through datasource 'org.springframework.jdbc.datasource.embedded.EmbeddedDatabaseFactory$EmbeddedDataSourceProxy@4daa4a5a']
	Database driver: undefined/unknown
	Database version: 2.3.232
	Autocommit mode: undefined/unknown
	Isolation level: undefined/unknown
	Minimum pool size: undefined/unknown
	Maximum pool size: undefined/unknown
2026-09-01T23:09:59.141+10:00  INFO 80098 --- [           main] o.h.e.t.j.p.i.JtaPlatformInitiator       : HHH000489: No JTA platform available (set 'hibernate.transaction.jta.platform' to enable JTA platform integration)
Hibernate: drop table if exists "applied_discounts" cascade 
Hibernate: drop table if exists "buyer_ai_configs" cascade 
Hibernate: drop table if exists "buyers" cascade 
Hibernate: drop table if exists "discounts" cascade 
Hibernate: drop table if exists "feedback" cascade 
Hibernate: drop table if exists "negotiation_rounds" cascade 
Hibernate: drop table if exists "negotiations" cascade 
Hibernate: drop table if exists "orders" cascade 
Hibernate: drop table if exists "products" cascade 
Hibernate: drop table if exists "seller_ai_configs" cascade 
Hibernate: drop table if exists "sellers" cascade 
Hibernate: drop table if exists "users" cascade 
Hibernate: create table "applied_discounts" ("applied_at" timestamp(6) with time zone, "discount_id" varchar(64) not null, "negotiation_id" varchar(64) not null, primary key ("discount_id", "negotiation_id"))
Hibernate: create table "buyer_ai_configs" ("is_active" boolean, "max_budget" float(53), "min_seller_rating" float(53), "target_price" float(53), "buyer_agent_id" varchar(64) not null, "national_id" varchar(64), "style" varchar(255), primary key ("buyer_agent_id"))
Hibernate: create table "buyers" ("national_id" varchar(64) not null, "interest" varchar(255), primary key ("national_id"))
Hibernate: create table "discounts" ("amount" float(53), "percent_off" float(53), "end_date" timestamp(6) with time zone, "start_date" timestamp(6) with time zone, "code" varchar(40), "discount_id" varchar(64) not null, "product_id" varchar(64), "seller_id" varchar(64), "label" varchar(255), primary key ("discount_id"))
Hibernate: create table "feedback" ("rating_score" integer, "created_at" timestamp(6) with time zone, "buyer_id" varchar(64), "feedback_id" varchar(64) not null, "negotiation_id" varchar(64), "product_id" varchar(64), "comment" varchar(255), primary key ("feedback_id"))
Hibernate: create table "negotiation_rounds" ("proposed_price" float(53), "round_number" integer not null, "negotiation_id" varchar(64) not null, "terms" varchar(4000), "author" varchar(255), "message_context" varchar(255), primary key ("round_number", "negotiation_id"))
Hibernate: create table "negotiations" ("current_free_shipping" boolean, "current_freebies_cost" float(53), "current_price" float(53), "current_round" integer, "final_price" float(53), "quantity" integer, "date" timestamp(6) with time zone, "updated_at" timestamp(6) with time zone, "national_id" varchar(64), "negotiation_id" varchar(64) not null, "order_id" varchar(64), "product_id" varchar(64), "last_actor" varchar(255), "status" varchar(255), primary key ("negotiation_id"))
Hibernate: create table "orders" ("buyer_confirmed_at" timestamp(6) with time zone, "order_date" timestamp(6) with time zone, "seller_confirmed_at" timestamp(6) with time zone, "order_id" varchar(64) not null, "status" varchar(255), primary key ("order_id"))
Hibernate: create table "products" ("gap" float(53), "min_price" float(53), "price" float(53), "remainings" integer, "shipping_cost" float(53), "product_id" varchar(64) not null, "seller_id" varchar(64), "category" varchar(255), "image_url" varchar(255), "name" varchar(255), primary key ("product_id"))
Hibernate: create table "seller_ai_configs" ("auto_accept_price" float(53), "max_discount_step" float(53), "agent_id" varchar(64) not null, "product_id" varchar(64), primary key ("agent_id"))
Hibernate: create table "sellers" ("rating" float(53), "national_id" varchar(64) not null, primary key ("national_id"))
Hibernate: create table "users" ("national_id" varchar(64) not null, "email" varchar(255), "first_name" varchar(255), "last_name" varchar(255), "password_hash" varchar(255), "role" varchar(255), primary key ("national_id"))
2026-09-01T23:09:59.145+10:00  INFO 80098 --- [           main] j.LocalContainerEntityManagerFactoryBean : Initialized JPA EntityManagerFactory for persistence unit 'default'
2026-09-01T23:09:59.169+10:00  INFO 80098 --- [           main] com.marketplace.OrderServiceTest         : Started OrderServiceTest in 0.116 seconds (process running for 4.305)
Hibernate: select ne1_0."negotiation_id",ne1_0."current_free_shipping",ne1_0."current_freebies_cost",ne1_0."current_price",ne1_0."current_round",ne1_0."date",ne1_0."final_price",ne1_0."last_actor",ne1_0."national_id",ne1_0."order_id",ne1_0."product_id",ne1_0."quantity",ne1_0."status",ne1_0."updated_at" from "negotiations" ne1_0 where ne1_0."negotiation_id"=?
Hibernate: select oe1_0."order_id",oe1_0."buyer_confirmed_at",oe1_0."order_date",oe1_0."seller_confirmed_at",oe1_0."status" from "orders" oe1_0 where oe1_0."order_id"=?
Hibernate: select ade1_0."discount_id",ade1_0."negotiation_id",ade1_0."applied_at" from "applied_discounts" ade1_0 where ade1_0."negotiation_id"=?
Hibernate: insert into "negotiations" ("current_free_shipping","current_freebies_cost","current_price","current_round","date","final_price","last_actor","national_id","order_id","product_id","quantity","status","updated_at","negotiation_id") values (?,?,?,?,?,?,?,?,?,?,?,?,?,?)
Hibernate: insert into "orders" ("buyer_confirmed_at","order_date","seller_confirmed_at","status","order_id") values (?,?,?,?,?)
Hibernate: update "negotiations" set "current_free_shipping"=?,"current_freebies_cost"=?,"current_price"=?,"current_round"=?,"date"=?,"final_price"=?,"last_actor"=?,"national_id"=?,"order_id"=?,"product_id"=?,"quantity"=?,"status"=?,"updated_at"=? where "negotiation_id"=?
Hibernate: update "orders" set "buyer_confirmed_at"=?,"order_date"=?,"seller_confirmed_at"=?,"status"=? where "order_id"=?
Hibernate: select count(*) from "orders" oe1_0
]]></system-out>
  </testcase>
  <testcase name="missingNegotiation_notFound" classname="com.marketplace.OrderServiceTest" time="0.001">
    <system-out><![CDATA[Hibernate: select ne1_0."negotiation_id",ne1_0."current_free_shipping",ne1_0."current_freebies_cost",ne1_0."current_price",ne1_0."current_round",ne1_0."date",ne1_0."final_price",ne1_0."last_actor",ne1_0."national_id",ne1_0."order_id",ne1_0."product_id",ne1_0."quantity",ne1_0."status",ne1_0."updated_at" from "negotiations" ne1_0 where ne1_0."negotiation_id"=?
]]></system-out>
  </testcase>
  <testcase name="repeatSameSide_isIdempotent" classname="com.marketplace.OrderServiceTest" time="0.004">
    <system-out><![CDATA[Hibernate: select ne1_0."negotiation_id",ne1_0."current_free_shipping",ne1_0."current_freebies_cost",ne1_0."current_price",ne1_0."current_round",ne1_0."date",ne1_0."final_price",ne1_0."last_actor",ne1_0."national_id",ne1_0."order_id",ne1_0."product_id",ne1_0."quantity",ne1_0."status",ne1_0."updated_at" from "negotiations" ne1_0 where ne1_0."negotiation_id"=?
Hibernate: select oe1_0."order_id",oe1_0."buyer_confirmed_at",oe1_0."order_date",oe1_0."seller_confirmed_at",oe1_0."status" from "orders" oe1_0 where oe1_0."order_id"=?
Hibernate: insert into "negotiations" ("current_free_shipping","current_freebies_cost","current_price","current_round","date","final_price","last_actor","national_id","order_id","product_id","quantity","status","updated_at","negotiation_id") values (?,?,?,?,?,?,?,?,?,?,?,?,?,?)
Hibernate: insert into "orders" ("buyer_confirmed_at","order_date","seller_confirmed_at","status","order_id") values (?,?,?,?,?)
Hibernate: update "negotiations" set "current_free_shipping"=?,"current_freebies_cost"=?,"current_price"=?,"current_round"=?,"date"=?,"final_price"=?,"last_actor"=?,"national_id"=?,"order_id"=?,"product_id"=?,"quantity"=?,"status"=?,"updated_at"=? where "negotiation_id"=?
Hibernate: update "orders" set "buyer_confirmed_at"=?,"order_date"=?,"seller_confirmed_at"=?,"status"=? where "order_id"=?
Hibernate: select count(*) from "orders" oe1_0
]]></system-out>
  </testcase>
  <testcase name="rejectedNegotiation_isClosed" classname="com.marketplace.OrderServiceTest" time="0.002">
    <system-out><![CDATA[Hibernate: select ne1_0."negotiation_id",ne1_0."current_free_shipping",ne1_0."current_freebies_cost",ne1_0."current_price",ne1_0."current_round",ne1_0."date",ne1_0."final_price",ne1_0."last_actor",ne1_0."national_id",ne1_0."order_id",ne1_0."product_id",ne1_0."quantity",ne1_0."status",ne1_0."updated_at" from "negotiations" ne1_0 where ne1_0."negotiation_id"=?
]]></system-out>
  </testcase>
  <testcase name="firstBuyerConfirm_createsPendingOrder" classname="com.marketplace.OrderServiceTest" time="0.002">
    <system-out><![CDATA[Hibernate: select ne1_0."negotiation_id",ne1_0."current_free_shipping",ne1_0."current_freebies_cost",ne1_0."current_price",ne1_0."current_round",ne1_0."date",ne1_0."final_price",ne1_0."last_actor",ne1_0."national_id",ne1_0."order_id",ne1_0."product_id",ne1_0."quantity",ne1_0."status",ne1_0."updated_at" from "negotiations" ne1_0 where ne1_0."negotiation_id"=?
Hibernate: select oe1_0."order_id",oe1_0."buyer_confirmed_at",oe1_0."order_date",oe1_0."seller_confirmed_at",oe1_0."status" from "orders" oe1_0 where oe1_0."order_id"=?
]]></system-out>
  </testcase>
</testsuite>