<?xml version="1.0" encoding="UTF-8"?>
<testsuite xmlns:xsi="http://www.w3.org/2001/XMLSchema-instance" xsi:noNamespaceSchemaLocation="https://maven.apache.org/surefire/maven-surefire-plugin/xsd/surefire-test-report.xsd" version="3.0.2" name="com.marketplace.SellerFlowTest" time="3.062" tests="3" errors="0" skipped="0" failures="0">
  <properties>
[...]
</properties>
  <testcase name="twoSidedConfirm_finalizesOnlyAfterBothClicks" classname="com.marketplace.SellerFlowTest" time="0.324">
    <system-out><![CDATA[23:09:55.264 [main] INFO org.springframework.test.context.support.AnnotationConfigContextLoaderUtils -- Could not detect default configuration classes for test class [com.marketplace.SellerFlowTest]: SellerFlowTest does not declare any static, non-private, non-final, nested classes annotated with @Configuration.
23:09:55.341 [main] INFO org.springframework.boot.test.context.SpringBootTestContextBootstrapper -- Found @SpringBootConfiguration com.marketplace.Application for test class com.marketplace.SellerFlowTest

  .   ____          _            __ _ _
 /\\ / ___'_ __ _ _(_)_ __  __ _ \ \ \ \
( ( )\___ | '_ | '_| | '_ \/ _` | \ \ \ \
 \\/  ___)| |_)| | | | | || (_| |  ) ) ) )
  '  |____| .__|_| |_|_| |_\__, | / / / /
 =========|_|==============|___/=/_/_/_/

 :: Spring Boot ::                (v3.5.4)

2026-09-01T23:09:55.505+10:00  INFO 80098 --- [           main] com.marketplace.SellerFlowTest           : Starting SellerFlowTest using Java 24 with PID 80098 (started by huydinh in /Users/huydinh/Desktop/Projects/mcp_website/backend)
2026-09-01T23:09:55.505+10:00  INFO 80098 --- [           main] com.marketplace.SellerFlowTest           : No active profile set, falling back to 1 default profile: "default"
2026-09-01T23:09:55.747+10:00  INFO 80098 --- [           main] .s.d.r.c.RepositoryConfigurationDelegate : Bootstrapping Spring Data JPA repositories in DEFAULT mode.
2026-09-01T23:09:55.776+10:00  INFO 80098 --- [           main] .s.d.r.c.RepositoryConfigurationDelegate : Finished Spring Data repository scanning in 24 ms. Found 12 JPA repository interfaces.
2026-09-01T23:09:55.971+10:00  INFO 80098 --- [           main] o.hibernate.jpa.internal.util.LogHelper  : HHH000204: Processing PersistenceUnitInfo [name: default]
2026-09-01T23:09:55.992+10:00  INFO 80098 --- [           main] org.hibernate.Version                    : HHH000412: Hibernate ORM core version 6.6.22.Final
2026-09-01T23:09:56.004+10:00  INFO 80098 --- [           main] o.h.c.internal.RegionFactoryInitiator    : HHH000026: Second-level cache disabled
2026-09-01T23:09:56.102+10:00  INFO 80098 --- [           main] o.s.o.j.p.SpringPersistenceUnitInfo      : No LoadTimeWeaver setup: ignoring JPA class transformer
2026-09-01T23:09:56.111+10:00  INFO 80098 --- [           main] com.zaxxer.hikari.HikariDataSource       : HikariPool-1 - Starting...
2026-09-01T23:09:56.208+10:00  INFO 80098 --- [           main] com.zaxxer.hikari.pool.HikariPool        : HikariPool-1 - Added connection conn0: url=jdbc:h2:mem:testdb user=SA
2026-09-01T23:09:56.209+10:00  INFO 80098 --- [           main] com.zaxxer.hikari.HikariDataSource       : HikariPool-1 - Start completed.
2026-09-01T23:09:56.217+10:00  WARN 80098 --- [           main] org.hibernate.orm.deprecation            : HHH90000025: H2Dialect does not need to be specified explicitly using 'hibernate.dialect' (remove the property setting and it will be selected by default)
2026-09-01T23:09:56.224+10:00  INFO 80098 --- [           main] org.hibernate.orm.connections.pooling    : HHH10001005: Database info:
	Database JDBC URL [Connecting through datasource 'HikariDataSource (HikariPool-1)']
	Database driver: undefined/unknown
	Database version: 2.3.232
	Autocommit mode: undefined/unknown
	Isolation level: undefined/unknown
	Minimum pool size: undefined/unknown
	Maximum pool size: undefined/unknown
2026-09-01T23:09:56.573+10:00  INFO 80098 --- [           main] o.h.e.t.j.p.i.JtaPlatformInitiator       : HHH000489: No JTA platform available (set 'hibernate.transaction.jta.platform' to enable JTA platform integration)
2026-09-01T23:09:56.590+10:00  INFO 80098 --- [           main] j.LocalContainerEntityManagerFactoryBean : Initialized JPA EntityManagerFactory for persistence unit 'default'
2026-09-01T23:09:56.764+10:00  INFO 80098 --- [           main] o.s.d.j.r.query.QueryEnhancerFactory     : Hibernate is in classpath; If applicable, HQL parser will be used.
2026-09-01T23:09:57.105+10:00  WARN 80098 --- [           main] .s.s.UserDetailsServiceAutoConfiguration : 

Using generated security password: 371dee52-7c16-486d-ae24-925f0081228e

This generated password is for development use only. Your security configuration must be updated before running your application in production.

2026-09-01T23:09:57.107+10:00  INFO 80098 --- [           main] r$InitializeUserDetailsManagerConfigurer : Global AuthenticationManager configured with UserDetailsService bean with name inMemoryUserDetailsManager
2026-09-01T23:09:57.314+10:00  INFO 80098 --- [           main] o.s.b.t.m.w.SpringBootMockServletContext : Initializing Spring TestDispatcherServlet ''
2026-09-01T23:09:57.314+10:00  INFO 80098 --- [           main] o.s.t.web.servlet.TestDispatcherServlet  : Initializing Servlet ''
2026-09-01T23:09:57.314+10:00  INFO 80098 --- [           main] o.s.t.web.servlet.TestDispatcherServlet  : Completed initialization in 0 ms
2026-09-01T23:09:57.323+10:00  INFO 80098 --- [           main] com.marketplace.SellerFlowTest           : Started SellerFlowTest in 1.928 seconds (process running for 2.459)
seeded: sellers=5 buyers=3 products=25 coupons=3 (logins: <firstname>@example.com / password)
]]></system-out>
    <system-err><![CDATA[Mockito is currently self-attaching to enable the inline-mock-maker. This will no longer work in future releases of the JDK. Please add Mockito as an agent to your build as described in Mockito's documentation: https://javadoc.io/doc/org.mockito/mockito-core/latest/org.mockito/org/mockito/Mockito.html#0.3
WARNING: A Java agent has been loaded dynamically (/Users/huydinh/.m2/repository/net/bytebuddy/byte-buddy-agent/1.17.6/byte-buddy-agent-1.17.6.jar)
WARNING: If a serviceability tool is in use, please run with -XX:+EnableDynamicAgentLoading to hide this warning
WARNING: If a serviceability tool is not in use, please run with -Djdk.instrument.traceUsage for more information
WARNING: Dynamic loading of agents will be disallowed by default in a future release
]]></system-err>
  </testcase>
  <testcase name="sellerToolsSeeIncomingOffersScopedToTheSeller" classname="com.marketplace.SellerFlowTest" time="0.019"/>
  <testcase name="browserMode_buyerOffer_leavesItWaitingForTheSeller" classname="com.marketplace.SellerFlowTest" time="0.011"/>
</testsuite>