<?xml version="1.0" encoding="UTF-8"?>
<testsuite xmlns:xsi="http://www.w3.org/2001/XMLSchema-instance" xsi:noNamespaceSchemaLocation="https://maven.apache.org/surefire/maven-surefire-plugin/xsd/surefire-test-report.xsd" version="3.0.2" name="com.marketplace.OrderServiceTest" time="2.01" tests="5" errors="0" skipped="0" failures="0">
  <properties>
[...]
</properties>
  <testcase name="missingNegotiation_notFound" classname="com.marketplace.OrderServiceTest" time="0.232">
    <system-out><![CDATA[13:27:48.445 [main] INFO org.springframework.test.context.support.AnnotationConfigContextLoaderUtils -- Could not detect default configuration classes for test class [com.marketplace.OrderServiceTest]: OrderServiceTest does not declare any static, non-private, non-final, nested classes annotated with @Configuration.
13:27:48.506 [main] INFO org.springframework.boot.test.context.SpringBootTestContextBootstrapper -- Found @SpringBootConfiguration com.marketplace.Application for test class com.marketplace.OrderServiceTest

  .   ____          _            __ _ _
 /\\ / ___'_ __ _ _(_)_ __  __ _ \ \ \ \
( ( )\___ | '_ | '_| | '_ \/ _` | \ \ \ \
 \\/  ___)| |_)| | | | | || (_| |  ) ) ) )
  '  |____| .__|_| |_|_| |_\__, | / / / /
 =========|_|==============|___/=/_/_/_/

 :: Spring Boot ::                (v3.5.4)

2026-09-03T13:27:48.664+10:00  INFO 55197 --- [           main] com.marketplace.OrderServiceTest         : Starting OrderServiceTest using Java 24 with PID 55197 (started by huydinh in /Users/huydinh/Desktop/Projects/mcp_website/backend)
2026-09-03T13:27:48.665+10:00  INFO 55197 --- [           main] com.marketplace.OrderServiceTest         : No active profile set, falling back to 1 default profile: "default"
2026-09-03T13:27:48.807+10:00  INFO 55197 --- [           main] .s.d.r.c.RepositoryConfigurationDelegate : Bootstrapping Spring Data JPA repositories in DEFAULT mode.
2026-09-03T13:27:48.839+10:00  INFO 55197 --- [           main] .s.d.r.c.RepositoryConfigurationDelegate : Finished Spring Data repository scanning in 27 ms. Found 14 JPA repository interfaces.
2026-09-03T13:27:48.860+10:00  INFO 55197 --- [           main] beddedDataSourceBeanFactoryPostProcessor : Replacing 'dataSource' DataSource bean with embedded version
2026-09-03T13:27:48.889+10:00  INFO 55197 --- [           main] o.s.j.d.e.EmbeddedDatabaseFactory        : Starting embedded database: url='jdbc:h2:mem:49d3e6bf-9ff4-4a16-a312-0ff43dd9f5fb;DB_CLOSE_DELAY=-1;DB_CLOSE_ON_EXIT=false', username='sa'
2026-09-03T13:27:49.024+10:00  INFO 55197 --- [           main] o.hibernate.jpa.internal.util.LogHelper  : HHH000204: Processing PersistenceUnitInfo [name: default]
2026-09-03T13:27:49.048+10:00  INFO 55197 --- [           main] org.hibernate.Version                    : HHH000412: Hibernate ORM core version 6.6.22.Final
2026-09-03T13:27:49.060+10:00  INFO 55197 --- [           main] o.h.c.internal.RegionFactoryInitiator    : HHH000026: Second-level cache disabled
2026-09-03T13:27:49.205+10:00  INFO 55197 --- [           main] o.s.o.j.p.SpringPersistenceUnitInfo      : No LoadTimeWeaver setup: ignoring JPA class transformer
2026-09-03T13:27:49.229+10:00  WARN 55197 --- [           main] org.hibernate.orm.deprecation            : HHH90000025: H2Dialect does not need to be specified explicitly using 'hibernate.dialect' (remove the property setting and it will be selected by default)
2026-09-03T13:27:49.236+10:00  INFO 55197 --- [           main] org.hibernate.orm.connections.pooling    : HHH10001005: Database info:
	Database JDBC URL [Connecting through datasource 'org.springframework.jdbc.datasource.embedded.EmbeddedDatabaseFactory$EmbeddedDataSourceProxy@63187d63']
	Database driver: undefined/unknown
	Database version: 2.3.232
	Autocommit mode: undefined/unknown
	Isolation level: undefined/unknown
	Minimum pool size: undefined/unknown
	Maximum pool size: undefined/unknown
2026-09-03T13:27:49.620+10:00  INFO 55197 --- [           main] o.h.e.t.j.p.i.JtaPlatformInitiator       : HHH000489: No JTA platform available (set 'hibernate.transaction.jta.platform' to enable JTA platform integration)
Hibernate: drop table if exists "app_applied_coupon" cascade 
Hibernate: drop table if exists "app_coupon" cascade 
Hibernate: drop table if exists "buyer" cascade 
Hibernate: drop table if exists "buyer_ai_config" cascade 
Hibernate: drop table if exists "delivery" cascade 
Hibernate: drop table if exists "feedback" cascade 
Hibernate: drop table if exists "invoice" cascade 
Hibernate: drop table if exists "negotiation" cascade 
Hibernate: drop table if exists "negotiation_round" cascade 
Hibernate: drop table if exists "order" cascade 
Hibernate: drop table if exists "product" cascade 
Hibernate: drop table if exists "seller" cascade 
Hibernate: drop table if exists "seller_ai_config" cascade 
Hibernate: drop table if exists "user" cascade 
Hibernate: create table "app_applied_coupon" ("applied_at" timestamp(6) with time zone, "coupon_id" bigint not null, "negotiation_id" bigint not null, primary key ("coupon_id", "negotiation_id"))
Hibernate: create table "app_coupon" ("amount" float(53), "percent_off" float(53), "coupon_id" bigint generated by default as identity, "end_date" timestamp(6) with time zone, "product_id" bigint, "seller_id" bigint, "start_date" timestamp(6) with time zone, "code" varchar(40), "label" varchar(255), primary key ("coupon_id"))
Hibernate: create table "buyer" ("user_id" bigint not null, "history_summary" varchar(255), "interest" varchar(255), primary key ("user_id"))
Hibernate: create table "buyer_ai_config" ("max_budget" float(53), "min_seller_rating" float(53), "target_price" float(53), "buyer_agent_id" bigint generated by default as identity, "buyer_id" bigint, "style" varchar(255), primary key ("buyer_agent_id"))
Hibernate: create table "delivery" ("delivery_id" bigint generated by default as identity, "estimated_date" timestamp(6) with time zone, "address" varchar(255), "status" varchar(255), "tracking_number" varchar(255), primary key ("delivery_id"))
Hibernate: create table "feedback" ("rating_score" integer, "created_at" timestamp(6) with time zone, "invoice_id" bigint not null, "product_id" bigint not null, "comment" varchar(255), primary key ("invoice_id", "product_id"))
Hibernate: create table "invoice" ("payment_id" integer, "quantity" integer, "total_cost" float(53), "buyer_id" bigint, "exporting_date" timestamp(6) with time zone, "invoice_id" bigint generated by default as identity, "order_id" bigint, primary key ("invoice_id"))
Hibernate: create table "negotiation" ("current_free_shipping" boolean, "current_freebies_cost" float(53), "current_price" float(53), "current_round" integer, "final_price" float(53), "quantity" integer, "buyer_id" bigint, "date" timestamp(6) with time zone, "negotiation_id" bigint generated by default as identity, "order_id" bigint, "product_id" bigint, "updated_at" timestamp(6) with time zone, "last_actor" varchar(255), "status" varchar(255), primary key ("negotiation_id"))
Hibernate: create table "negotiation_round" ("proposed_price" float(53), "round_number" integer not null, "negotiation_id" bigint not null, "message_context" varchar(255), "sender_type" varchar(255), "terms" varchar(255), primary key ("round_number", "negotiation_id"))
Hibernate: create table "order" ("buyer_confirmed_at" timestamp(6) with time zone, "delivery_id" bigint, "order_date" timestamp(6) with time zone, "order_id" bigint generated by default as identity, "seller_confirmed_at" timestamp(6) with time zone, "status" varchar(255), primary key ("order_id"))
Hibernate: create table "product" ("compare_at_price" float(53), "gap" float(53), "min_price" float(53), "price" float(53), "rating_avg" float(53), "rating_count" integer, "remainings" integer, "shipping_cost" float(53), "sold_count" integer, "product_id" bigint generated by default as identity, "seller_id" bigint, "category" varchar(255), "description" varchar(255), "name" varchar(255), "url" varchar(255), primary key ("product_id"))
Hibernate: create table "seller" ("rating" float(53), "total_ratings" integer, "user_id" bigint not null, "abn" varchar(255), "trading_name" varchar(255), primary key ("user_id"))
Hibernate: create table "seller_ai_config" ("auto_accept_price" float(53), "is_enabled" boolean, "max_discount_step" float(53), "agent_id" bigint generated by default as identity, "product_id" bigint, "strategy_mode" varchar(255), primary key ("agent_id"))
Hibernate: create table "user" ("user_id" bigint generated by default as identity, "email" varchar(255), "first_name" varchar(255), "last_name" varchar(255), "password_hash" varchar(255), "phone_number" varchar(255), "postcode" varchar(255), "role" varchar(255), "state" varchar(255), "street_address" varchar(255), "suburb" varchar(255), primary key ("user_id"))
2026-09-03T13:27:49.639+10:00  INFO 55197 --- [           main] j.LocalContainerEntityManagerFactoryBean : Initialized JPA EntityManagerFactory for persistence unit 'default'
2026-09-03T13:27:49.772+10:00  INFO 55197 --- [           main] o.s.d.j.r.query.QueryEnhancerFactory     : Hibernate is in classpath; If applicable, HQL parser will be used.
2026-09-03T13:27:50.089+10:00  INFO 55197 --- [           main] com.marketplace.OrderServiceTest         : Started OrderServiceTest in 1.558 seconds (process running for 2.124)
Hibernate: select ne1_0."negotiation_id",ne1_0."buyer_id",ne1_0."current_free_shipping",ne1_0."current_freebies_cost",ne1_0."current_price",ne1_0."current_round",ne1_0."date",ne1_0."final_price",ne1_0."last_actor",ne1_0."order_id",ne1_0."product_id",ne1_0."quantity",ne1_0."status",ne1_0."updated_at" from "negotiation" ne1_0 where ne1_0."negotiation_id"=?
]]></system-out>
    <system-err><![CDATA[Mockito is currently self-attaching to enable the inline-mock-maker. This will no longer work in future releases of the JDK. Please add Mockito as an agent to your build as described in Mockito's documentation: https://javadoc.io/doc/org.mockito/mockito-core/latest/org.mockito/org/mockito/Mockito.html#0.3
WARNING: A Java agent has been loaded dynamically (/Users/huydinh/.m2/repository/net/bytebuddy/byte-buddy-agent/1.17.6/byte-buddy-agent-1.17.6.jar)
WARNING: If a serviceability tool is in use, please run with -XX:+EnableDynamicAgentLoading to hide this warning
WARNING: If a serviceability tool is not in use, please run with -Djdk.instrument.traceUsage for more information
WARNING: Dynamic loading of agents will be disallowed by default in a future release
]]></system-err>
  </testcase>
  <testcase name="repeatSameSide_isIdempotent" classname="com.marketplace.OrderServiceTest" time="0.048">
    <system-out><![CDATA[Hibernate: insert into "negotiation" ("buyer_id","current_free_shipping","current_freebies_cost","current_price","current_round","date","final_price","last_actor","order_id","product_id","quantity","status","updated_at","negotiation_id") values (?,?,?,?,?,?,?,?,?,?,?,?,?,default)
Hibernate: insert into "order" ("buyer_confirmed_at","delivery_id","order_date","seller_confirmed_at","status","order_id") values (?,?,?,?,?,default)
Hibernate: update "negotiation" set "buyer_id"=?,"current_free_shipping"=?,"current_freebies_cost"=?,"current_price"=?,"current_round"=?,"date"=?,"final_price"=?,"last_actor"=?,"order_id"=?,"product_id"=?,"quantity"=?,"status"=?,"updated_at"=? where "negotiation_id"=?
Hibernate: update "order" set "buyer_confirmed_at"=?,"delivery_id"=?,"order_date"=?,"seller_confirmed_at"=?,"status"=? where "order_id"=?
Hibernate: select count(*) from "order" oe1_0
]]></system-out>
  </testcase>
  <testcase name="rejectedNegotiation_isClosed" classname="com.marketplace.OrderServiceTest" time="0.003">
    <system-out><![CDATA[Hibernate: insert into "negotiation" ("buyer_id","current_free_shipping","current_freebies_cost","current_price","current_round","date","final_price","last_actor","order_id","product_id","quantity","status","updated_at","negotiation_id") values (?,?,?,?,?,?,?,?,?,?,?,?,?,default)
]]></system-out>
  </testcase>
  <testcase name="bothConfirm_finalizesOrderAndWritesInvoice" classname="com.marketplace.OrderServiceTest" time="0.022">
    <system-out><![CDATA[Hibernate: insert into "negotiation" ("buyer_id","current_free_shipping","current_freebies_cost","current_price","current_round","date","final_price","last_actor","order_id","product_id","quantity","status","updated_at","negotiation_id") values (?,?,?,?,?,?,?,?,?,?,?,?,?,default)
Hibernate: insert into "order" ("buyer_confirmed_at","delivery_id","order_date","seller_confirmed_at","status","order_id") values (?,?,?,?,?,default)
Hibernate: select ade1_0."coupon_id",ade1_0."negotiation_id",ade1_0."applied_at" from "app_applied_coupon" ade1_0 where ade1_0."negotiation_id"=?
Hibernate: select ue1_0."user_id",ue1_0."email",ue1_0."first_name",ue1_0."last_name",ue1_0."password_hash",ue1_0."phone_number",ue1_0."postcode",ue1_0."role",ue1_0."state",ue1_0."street_address",ue1_0."suburb" from "user" ue1_0 where ue1_0."user_id"=?
Hibernate: insert into "delivery" ("address","estimated_date","status","tracking_number","delivery_id") values (?,?,?,?,default)
Hibernate: select ie1_0."invoice_id",ie1_0."buyer_id",ie1_0."exporting_date",ie1_0."order_id",ie1_0."payment_id",ie1_0."quantity",ie1_0."total_cost" from "invoice" ie1_0 where ie1_0."order_id"=?
Hibernate: insert into "invoice" ("buyer_id","exporting_date","order_id","payment_id","quantity","total_cost","invoice_id") values (?,?,?,?,?,?,default)
Hibernate: update "negotiation" set "buyer_id"=?,"current_free_shipping"=?,"current_freebies_cost"=?,"current_price"=?,"current_round"=?,"date"=?,"final_price"=?,"last_actor"=?,"order_id"=?,"product_id"=?,"quantity"=?,"status"=?,"updated_at"=? where "negotiation_id"=?
Hibernate: update "order" set "buyer_confirmed_at"=?,"delivery_id"=?,"order_date"=?,"seller_confirmed_at"=?,"status"=? where "order_id"=?
Hibernate: select count(*) from "order" oe1_0
Hibernate: select ie1_0."invoice_id",ie1_0."buyer_id",ie1_0."exporting_date",ie1_0."order_id",ie1_0."payment_id",ie1_0."quantity",ie1_0."total_cost" from "invoice" ie1_0 where ie1_0."order_id"=?
Hibernate: select ie1_0."invoice_id",ie1_0."buyer_id",ie1_0."exporting_date",ie1_0."order_id",ie1_0."payment_id",ie1_0."quantity",ie1_0."total_cost" from "invoice" ie1_0 where ie1_0."order_id"=?
]]></system-out>
  </testcase>
  <testcase name="firstBuyerConfirm_createsPendingOrder" classname="com.marketplace.OrderServiceTest" time="0.002">
    <system-out><![CDATA[Hibernate: insert into "negotiation" ("buyer_id","current_free_shipping","current_freebies_cost","current_price","current_round","date","final_price","last_actor","order_id","product_id","quantity","status","updated_at","negotiation_id") values (?,?,?,?,?,?,?,?,?,?,?,?,?,default)
Hibernate: insert into "order" ("buyer_confirmed_at","delivery_id","order_date","seller_confirmed_at","status","order_id") values (?,?,?,?,?,default)
]]></system-out>
  </testcase>
</testsuite>